This is pdfTeX, Version 3.1415926-1.40.9 (MiKTeX 2.7) (preloaded format=pdflatex 2014.4.8)  9 APR 2014 20:19
entering extended mode
**acl2014-camera*ready.tex
("acl2014-camera ready.tex"
LaTeX2e <2005/12/01>
Babel <v3.8l> and hyphenation patterns for english, dumylang, nohyphenation, ge
rman, ngerman, german-x-2009-06-19, ngerman-x-2009-06-19, french, loaded.
(C:\CTEX\MiKTeX\tex\latex\base\article.cls
Document Class: article 2005/09/16 v1.4f Standard LaTeX document class
(C:\CTEX\MiKTeX\tex\latex\base\size11.clo
File: size11.clo 2005/09/16 v1.4f Standard LaTeX file (size option)
)
\c@part=\count79
\c@section=\count80
\c@subsection=\count81
\c@subsubsection=\count82
\c@paragraph=\count83
\c@subparagraph=\count84
\c@figure=\count85
\c@table=\count86
\abovecaptionskip=\skip41
\belowcaptionskip=\skip42
\bibindent=\dimen102
) (acl2014.sty
Conference Style for ACL 2014 -- released October 2, 2013
\titlebox=\skip43
) (C:\CTEX\MiKTeX\tex\latex\psnfss\times.sty
Package: times 2005/04/12 PSNFSS-v9.2a (SPQR) 
)
(C:\CTEX\MiKTeX\tex\latex\ltxmisc\url.sty
\Urlmuskip=\muskip10
Package: url 2006/04/12  ver 3.3  Verb mode for urls, etc.
)
(C:\CTEX\MiKTeX\tex\latex\base\latexsym.sty
Package: latexsym 1998/08/17 v2.2e Standard LaTeX package (lasy symbols)
\symlasy=\mathgroup4
LaTeX Font Info:    Overwriting symbol font `lasy' in version `bold'
(Font)                  U/lasy/m/n --> U/lasy/b/n on input line 47.
)
(C:\CTEX\MiKTeX\tex\latex\psnfss\helvet.sty
Package: helvet 2005/04/12 PSNFSS-v9.2a (WaS) 

(C:\CTEX\MiKTeX\tex\latex\graphics\keyval.sty
Package: keyval 1999/03/16 v1.13 key=value parser (DPC)
\KV@toks@=\toks14
))
(C:\CTEX\MiKTeX\tex\latex\psnfss\courier.sty
Package: courier 2005/04/12 PSNFSS-v9.2a (WaS) 
)
(C:\CTEX\MiKTeX\tex\latex\ams\math\amsmath.sty
Package: amsmath 2000/07/18 v2.13 AMS math features
\@mathmargin=\skip44

For additional information on amsmath, use the `?' option.
(C:\CTEX\MiKTeX\tex\latex\ams\math\amstext.sty
Package: amstext 2000/06/29 v2.01

(C:\CTEX\MiKTeX\tex\latex\ams\math\amsgen.sty
File: amsgen.sty 1999/11/30 v2.0
\@emptytoks=\toks15
\ex@=\dimen103
))
(C:\CTEX\MiKTeX\tex\latex\ams\math\amsbsy.sty
Package: amsbsy 1999/11/29 v1.2d
\pmbraise@=\dimen104
)
(C:\CTEX\MiKTeX\tex\latex\ams\math\amsopn.sty
Package: amsopn 1999/12/14 v2.01 operator names
)
\inf@bad=\count87
LaTeX Info: Redefining \frac on input line 211.
\uproot@=\count88
\leftroot@=\count89
LaTeX Info: Redefining \overline on input line 307.
\classnum@=\count90
\DOTSCASE@=\count91
LaTeX Info: Redefining \ldots on input line 379.
LaTeX Info: Redefining \dots on input line 382.
LaTeX Info: Redefining \cdots on input line 467.
\Mathstrutbox@=\box26
\strutbox@=\box27
\big@size=\dimen105
LaTeX Font Info:    Redeclaring font encoding OML on input line 567.
LaTeX Font Info:    Redeclaring font encoding OMS on input line 568.
\macc@depth=\count92
\c@MaxMatrixCols=\count93
\dotsspace@=\muskip11
\c@parentequation=\count94
\dspbrk@lvl=\count95
\tag@help=\toks16
\row@=\count96
\column@=\count97
\maxfields@=\count98
\andhelp@=\toks17
\eqnshift@=\dimen106
\alignsep@=\dimen107
\tagshift@=\dimen108
\tagwidth@=\dimen109
\totwidth@=\dimen110
\lineht@=\dimen111
\@envbody=\toks18
\multlinegap=\skip45
\multlinetaggap=\skip46
\mathdisplay@stack=\toks19
LaTeX Info: Redefining \[ on input line 2666.
LaTeX Info: Redefining \] on input line 2667.
)
(C:\CTEX\MiKTeX\tex\latex\multirow\multirow.sty
\bigstrutjot=\dimen112
)
(C:\CTEX\MiKTeX\tex\latex\graphics\graphicx.sty
Package: graphicx 1999/02/16 v1.0f Enhanced LaTeX Graphics (DPC,SPQR)

(C:\CTEX\MiKTeX\tex\latex\graphics\graphics.sty
Package: graphics 2006/02/20 v1.0o Standard LaTeX Graphics (DPC,SPQR)

(C:\CTEX\MiKTeX\tex\latex\graphics\trig.sty
Package: trig 1999/03/16 v1.09 sin cos tan (DPC)
)
(C:\CTEX\MiKTeX\tex\latex\00miktex\graphics.cfg
File: graphics.cfg 2007/01/18 v1.5 graphics configuration of teTeX/TeXLive
)
Package graphics Info: Driver file: pdftex.def on input line 90.

(C:\CTEX\MiKTeX\tex\latex\pdftex-def\pdftex.def
File: pdftex.def 2009/08/25 v0.04m Graphics/color for pdfTeX
\Gread@gobject=\count99
))
\Gin@req@height=\dimen113
\Gin@req@width=\dimen114
)
(C:\CTEX\MiKTeX\tex\latex\subfigure\subfigure.sty
Package: subfigure 2002/07/30 v2.1.4 subfigure package
\subfigtopskip=\skip47
\subfigcapskip=\skip48
\subfigcaptopadj=\dimen115
\subfigbottomskip=\skip49
\subfigcapmargin=\dimen116
\subfiglabelskip=\skip50
\c@subfigure=\count100
\c@lofdepth=\count101
\c@subtable=\count102
\c@lotdepth=\count103

****************************************
* Local config file subfigure.cfg used *
****************************************
(C:\CTEX\MiKTeX\tex\latex\subfigure\subfigure.cfg)
\subfig@top=\skip51
\subfig@bottom=\skip52
)
(C:\CTEX\MiKTeX\tex\latex\ltxmisc\relsize.sty
Package: relsize 2003/07/04 ver 3.1


Package relsize Warning: Failed to get list of font sizes.
(relsize)                Falling back to old definition. on input line 81.

) (C:\CTEX\MiKTeX\tex\latex\tools\hhline.sty
Package: hhline 1994/05/23 v2.03 Table rule package (DPC)
)
(C:\CTEX\MiKTeX\tex\latex\graphics\color.sty
Package: color 2005/11/14 v1.0j Standard LaTeX Color (DPC)

(C:\CTEX\MiKTeX\tex\latex\00miktex\color.cfg
File: color.cfg 2007/01/18 v1.5 color configuration of teTeX/TeXLive
)
Package color Info: Driver file: pdftex.def on input line 130.
)
(C:\CTEX\MiKTeX\tex\latex\colortbl\colortbl.sty
Package: colortbl 2001/02/13 v0.1j Color table columns (DPC)

(C:\CTEX\MiKTeX\tex\latex\tools\array.sty
Package: array 2005/08/23 v2.4b Tabular extension package (FMi)
\col@sep=\dimen117
\extrarowheight=\dimen118
\NC@list=\toks20
\extratabsurround=\skip53
\backup@length=\skip54
)
\everycr=\toks21
\minrowclearance=\skip55
)
(C:\CTEX\MiKTeX\tex\latex\booktabs\booktabs.sty
Package: booktabs 2005/04/14 v1.61803 publication quality tables
\heavyrulewidth=\dimen119
\lightrulewidth=\dimen120
\cmidrulewidth=\dimen121
\belowrulesep=\dimen122
\belowbottomsep=\dimen123
\aboverulesep=\dimen124
\abovetopsep=\dimen125
\cmidrulesep=\dimen126
\cmidrulekern=\dimen127
\defaultaddspace=\dimen128
\@cmidla=\count104
\@cmidlb=\count105
\@aboverulesep=\dimen129
\@belowrulesep=\dimen130
\@thisruleclass=\count106
\@lastruleclass=\count107
\@thisrulewidth=\dimen131
)
(C:\CTEX\MiKTeX\tex\latex\preprint\balance.sty
Package: balance 1999/02/23 4.3 (PWD)
\oldvsize=\dimen132
)
(C:\CTEX\MiKTeX\tex\latex\xcolor\xcolor.sty
Package: xcolor 2007/01/21 v2.11 LaTeX color extensions (UK)

(C:\CTEX\MiKTeX\tex\latex\00miktex\color.cfg
File: color.cfg 2007/01/18 v1.5 color configuration of teTeX/TeXLive
)
Package xcolor Info: Driver file: pdftex.def on input line 225.
LaTeX Info: Redefining \color on input line 702.
Package xcolor Info: Model `cmy' substituted by `cmy0' on input line 1337.
Package xcolor Info: Model `hsb' substituted by `rgb' on input line 1341.
Package xcolor Info: Model `RGB' extended on input line 1353.
Package xcolor Info: Model `HTML' substituted by `rgb' on input line 1355.
Package xcolor Info: Model `Hsb' substituted by `hsb' on input line 1356.
Package xcolor Info: Model `tHsb' substituted by `hsb' on input line 1357.
Package xcolor Info: Model `HSB' substituted by `hsb' on input line 1358.
Package xcolor Info: Model `Gray' substituted by `gray' on input line 1359.
Package xcolor Info: Model `wave' substituted by `hsb' on input line 1360.
)
(C:\CTEX\MiKTeX\tex\latex\wrapfig\wrapfig.sty
\wrapoverhang=\dimen133
\WF@size=\dimen134
\c@WF@wrappedlines=\count108
\WF@box=\box28
\WF@everypar=\toks22
Package: wrapfig 2003/01/31  v 3.6
)
(C:\CTEX\MiKTeX\tex\latex\algorithms\algorithm.sty
Package: algorithm 2009/08/24 v0.1 Document Style `algorithm' - floating enviro
nment

(C:\CTEX\MiKTeX\tex\latex\float\float.sty
Package: float 2001/11/08 v1.3d Float enhancements (AL)
\c@float@type=\count109
\float@exts=\toks23
\float@box=\box29
\@float@everytoks=\toks24
\@floatcapt=\box30
)
(C:\CTEX\MiKTeX\tex\latex\base\ifthen.sty
Package: ifthen 2001/05/26 v1.1c Standard LaTeX ifthen package (DPC)
)
\@float@every@algorithm=\toks25
\c@algorithm=\count110
)
(C:\CTEX\MiKTeX\tex\latex\tools\tabularx.sty
Package: tabularx 1999/01/07 v2.07 `tabularx' package (DPC)
\TX@col@width=\dimen135
\TX@old@table=\dimen136
\TX@old@col=\dimen137
\TX@target=\dimen138
\TX@delta=\dimen139
\TX@cols=\count111
\TX@ftn=\toks26
)
(C:\CTEX\MiKTeX\tex\latex\algorithmicx\algpseudocode.sty
Package: algpseudocode 

(C:\CTEX\MiKTeX\tex\latex\algorithmicx\algorithmicx.sty
Package: algorithmicx 2005/04/27 v1.2 Algorithmicx

Document Style algorithmicx 1.2 - a greatly improved `algorithmic' style
\c@ALG@line=\count112
\c@ALG@rem=\count113
\c@ALG@nested=\count114
\ALG@tlm=\skip56
\ALG@thistlm=\skip57
\c@ALG@Lnr=\count115
\c@ALG@blocknr=\count116
\c@ALG@storecount=\count117
\c@ALG@tmpcounter=\count118
\ALG@tmplength=\skip58
)
Document Style - pseudocode environments for use with the `algorithmicx' style
) ("acl2014-camera ready.aux")
LaTeX Font Info:    Checking defaults for OML/cmm/m/it on input line 51.
LaTeX Font Info:    ... okay on input line 51.
LaTeX Font Info:    Checking defaults for T1/cmr/m/n on input line 51.
LaTeX Font Info:    ... okay on input line 51.
LaTeX Font Info:    Checking defaults for OT1/cmr/m/n on input line 51.
LaTeX Font Info:    ... okay on input line 51.
LaTeX Font Info:    Checking defaults for OMS/cmsy/m/n on input line 51.
LaTeX Font Info:    ... okay on input line 51.
LaTeX Font Info:    Checking defaults for OMX/cmex/m/n on input line 51.
LaTeX Font Info:    ... okay on input line 51.
LaTeX Font Info:    Checking defaults for U/cmr/m/n on input line 51.
LaTeX Font Info:    ... okay on input line 51.
LaTeX Font Info:    Try loading font information for OT1+ptm on input line 51.
 (C:\CTEX\MiKTeX\tex\latex\psnfss\ot1ptm.fd
File: ot1ptm.fd 2001/06/04 font definitions for OT1/ptm.
)
(C:\CTEX\MiKTeX\tex\context\base\supp-pdf.tex
[Loading MPS to PDF converter (version 2006.09.02).]
\scratchcounter=\count119
\scratchdimen=\dimen140
\scratchbox=\box31
\nofMPsegments=\count120
\nofMParguments=\count121
\everyMPshowfont=\toks27
\MPscratchCnt=\count122
\MPscratchDim=\dimen141
\MPnumerator=\count123
\everyMPtoPDFconversion=\toks28
)
LaTeX Font Info:    Font shape `OT1/ptm/bx/n' in size <14.4> not available
(Font)              Font shape `OT1/ptm/b/n' tried instead on input line 52.
LaTeX Font Info:    Try loading font information for U+lasy on input line 52.
 (C:\CTEX\MiKTeX\tex\latex\base\ulasy.fd
File: ulasy.fd 1998/08/17 v2.2e LaTeX symbol font definitions
)
LaTeX Font Info:    Font shape `OT1/ptm/bx/n' in size <12> not available
(Font)              Font shape `OT1/ptm/b/n' tried instead on input line 52.
LaTeX Font Info:    Try loading font information for OT1+pcr on input line 52.

(C:\CTEX\MiKTeX\tex\latex\psnfss\ot1pcr.fd
File: ot1pcr.fd 2001/06/04 font definitions for OT1/pcr.
)
LaTeX Font Info:    Try loading font information for OMS+pcr on input line 52.

(C:\CTEX\MiKTeX\tex\latex\psnfss\omspcr.fd
File: omspcr.fd 
)
LaTeX Font Info:    Font shape `OMS/pcr/m/n' in size <10.95> not available
(Font)              Font shape `OMS/cmsy/m/n' tried instead on input line 52.

Underfull \hbox (badness 1460) in paragraph at lines 54--55
\OT1/ptm/m/n/10.95 trol is nec-es-sary for crowd-sourc-ing to
 []

LaTeX Font Info:    Try loading font information for OMS+ptm on input line 73.
(C:\CTEX\MiKTeX\tex\latex\psnfss\omsptm.fd
File: omsptm.fd 
)
LaTeX Font Info:    Font shape `OMS/ptm/m/n' in size <10.95> not available
(Font)              Font shape `OMS/cmsy/m/n' tried instead on input line 73.
 [1{C:/ProgramData/MiKTeX/2.7/pdftex/config/pdftex.map{Unicode.sfd}{UGBK.sfd}}



]
Underfull \vbox (badness 4328) has occurred while \output is active []

 [2]
LaTeX Font Info:    Font shape `OT1/ptm/bx/n' in size <10.95> not available
(Font)              Font shape `OT1/ptm/b/n' tried instead on input line 129.


pdfTeX warning: pdflatex (file translation-editor-scatter.pdf): PDF inclusion: 
found PDF version <1.6>, but at most version <1.4> allowed
<translation-editor-scatter.pdf, id=12, 722.60963pt x 550.98848pt>
File: translation-editor-scatter.pdf Graphic file (type pdf)

<use translation-editor-scatter.pdf>

LaTeX Warning: `h' float specifier changed to `ht'.

[3]
Underfull \hbox (badness 4279) in paragraph at lines 204--205
\OT1/ptm/m/n/10.95 two qual-i-ties for in-di-vid-ual ed-i-tor/translation
 []

<editor-bins.pdf, id=22, 466.1415pt x 584.48361pt>
File: editor-bins.pdf Graphic file (type pdf)
 <use editor-bins.pdf>

LaTeX Warning: `h' float specifier changed to `ht'.

<ter-rerank.pdf, id=24, 1061.9332pt x 384.09679pt>
File: ter-rerank.pdf Graphic file (type pdf)
 <use ter-rerank.pdf>
Underfull \hbox (badness 2073) in paragraph at lines 226--227
\OT1/ptm/m/n/10.95 The prob-lem def-i-ni-tion of the crowd-sourc-ing
 []

[4 <translation-editor-scatter.pdf> <editor-bins.pdf>]

pdfTeX warning: pdflatex (file framework.pdf): PDF inclusion: found PDF version
 <1.6>, but at most version <1.4> allowed
<framework.pdf, id=78, 668.41718pt x 465.93071pt>
File: framework.pdf Graphic file (type pdf)
 <use framework.pdf> [5 <ter-rerank.pdf>] [6 <framework.pdf>]
Underfull \hbox (badness 2426) in paragraph at lines 309--310
[]\OT1/ptm/m/n/10.95 The HIT col-lec-tion can be mod-eled as a
 []


Underfull \hbox (badness 4467) in paragraph at lines 309--310
\OT1/ptm/m/n/10.95 weighted undi-rected graph. Nodes in the
 []



pdfTeX warning: pdflatex (file result.pdf): PDF inclusion: found PDF version <1
.6>, but at most version <1.4> allowed
<result.pdf, id=95, 1007.88545pt x 365.8167pt>
File: result.pdf Graphic file (type pdf)
 <use result.pdf> [7]
Underfull \hbox (badness 1448) in paragraph at lines 370--371
[]\OT1/ptm/m/n/10.95 We also ex-am-ine other two voting-inspired
 []


Underfull \hbox (badness 1762) in paragraph at lines 376--377
\OT1/ptm/m/n/10.95 We es-tab-lish the per-for-mance of pro-fes-sional
 []


Underfull \hbox (badness 2111) in paragraph at lines 376--377
\OT1/ptm/m/n/10.95 trans-la-tors, cal-cu-late or-a-cle up-per bounds on
 []

[8 <result.pdf>]

pdfTeX warning: pdflatex (file parameters.pdf): PDF inclusion: found PDF versio
n <1.6>, but at most version <1.4> allowed
<parameters.pdf, id=105, 662.39468pt x 511.85228pt>
File: parameters.pdf Graphic file (type pdf)
 <use parameters.pdf>
[9 <parameters.pdf>]
Underfull \hbox (badness 1205) in paragraph at lines 416--417
\OT1/ptm/m/n/10.95 fer-ent strate-gies when mod-el-ing our pro-posed
 []

("acl2014-camera ready.bbl"
Missing character: There is no š in font ptmr7t!

Underfull \hbox (badness 1824) in paragraph at lines 34--40
\OT1/ptm/m/n/10 Bjrn Hart-mann, Mark S. Ack-er-man, David R.
 []


Underfull \hbox (badness 2277) in paragraph at lines 34--40
\OT1/ptm/m/n/10 Karger, David Crow-ell, and Ka-t-rina Panovich.
 []

[10]
Underfull \hbox (badness 2452) in paragraph at lines 108--113
\OT1/ptm/m/n/10 tween mono-lin-gual users.  In \OT1/ptm/m/it/10 Pro-ceed-ings o
f
 []

[11]
Underfull \hbox (badness 2042) in paragraph at lines 312--319
\OT1/ptm/m/n/10 Crowd-sourc-ing trans-la-tion: Pro-fes-sional qual-ity
 []


Underfull \hbox (badness 1062) in paragraph at lines 322--329
\OT1/ptm/m/n/10 Makhoul, Omar F. Zaidan, and Chris Callison-
 []


Underfull \hbox (badness 1715) in paragraph at lines 332--340
\OT1/ptm/m/n/10 Richard Schwartz, and John Makhoul.  2013.
 []

) [12] ("acl2014-camera ready.aux") ) 
Here is how much of TeX's memory you used:
 3431 strings out of 95304
 41260 string characters out of 1183565
 111754 words of memory out of 1500000
 6544 multiletter control sequences out of 110000
 31113 words of font info for 69 fonts, out of 3000000 for 5000
 14 hyphenation exceptions out of 8191
 34i,16n,35p,1669b,302s stack positions out of 5000i,500n,10000p,200000b,50000s
{C:/CTEX/MiKTeX/fonts/enc/dvips/fontname/8
r.enc}<C:/CTEX/MiKTeX/fonts/type1/public/amsfonts/cm/cmex10.pfb><C:/CTEX/MiKTeX
/fonts/type1/public/amsfonts/cm/cmmi10.pfb><C:/CTEX/MiKTeX/fonts/type1/public/a
msfonts/cm/cmmi8.pfb><C:/CTEX/MiKTeX/fonts/type1/public/amsfonts/cm/cmr10.pfb><
C:/CTEX/MiKTeX/fonts/type1/public/amsfonts/cm/cmr8.pfb><C:/CTEX/MiKTeX/fonts/ty
pe1/public/amsfonts/cm/cmsy10.pfb><C:/CTEX/MiKTeX/fonts/type1/public/amsfonts/c
m/cmsy8.pfb><C:/CTEX/MiKTeX/fonts/type1/urw/courier/ucrr8a.pfb><C:/CTEX/MiKTeX/
fonts/type1/urw/times/utmb8a.pfb><C:/CTEX/MiKTeX/fonts/type1/urw/times/utmr8a.p
fb><C:/CTEX/MiKTeX/fonts/type1/urw/times/utmri8a.pfb>
Output written on "acl2014-camera ready.pdf" (12 pages, 701453 bytes).
PDF statistics:
 156 PDF objects out of 1000 (max. 8388607)
 0 named destinations out of 1000 (max. 131072)
 31 words of extra memory for PDF output out of 10000 (max. 10000000)

